{"name": "TC_03 : Full Update Validation", "status": "failed", "statusDetails": {"message": "AssertionError: Failed AR != ER", "trace": "self = <tests.crud.crud.Test_Create_Booking object at 0x0000011D0A3910A0>, test_create_booking_id = 5084, create_token_id = '2f90d360141a18b'\n\n    @allure.title(\"TC_03 : Full Update Validation\")\n    @allure.tag(\"New Functional Test Case\")\n    @allure.description(\"Full Update Booking Details Validation\")\n    def test_full_update_booking_details(self,test_create_booking_id,create_token_id):\n        response = put_request(url=API_Constants().update_partialUpdate_delete_booking_url(test_create_booking_id),\n                               header=common_header_put_delete_patch_cookie(create_token_id),\n                               payload=update_booking_pay_Load(),\n                               auth=None,in_json=False)\n>       verify_http_status_code(response,200)\n\ntests\\crud\\crud.py:46: \n_ _ _ _ _ _ _ _ _ _ _ _ _ _ _ _ _ _ _ _ _ _ _ _ _ _ _ _ _ _ _ _ _ _ _ _ _ _ _ _ _ _ _ _ _ _ _ _ _ _ _ _ _ _ _ _ _ _ _ _ _ _ _ _ _ _ _ _ _ _ _ _ _ _ _ _ _\n\nresponse_data = <Response [405]>, expect_data = 200\n\n    def verify_http_status_code(response_data, expect_data):\n>       assert response_data.status_code == expect_data, \"Failed AR != ER\"\nE       AssertionError: Failed AR != ER\n\nsrc\\helpers\\common_verification.py:3: AssertionError"}, "description": "Full Update Booking Details Validation", "start": 1723382493633, "stop": 1723382494501, "uuid": "d7503dcd-5e05-4c4c-9ac1-d3aefae41b19", "historyId": "d23d5f7c3ba4aea757c6a0714635d162", "testCaseId": "d23d5f7c3ba4aea757c6a0714635d162", "fullName": "tests.crud.crud.Test_Create_Booking#test_full_update_booking_details", "labels": [{"name": "tag", "value": "New Functional Test Case"}, {"name": "parentSuite", "value": "tests.crud"}, {"name": "suite", "value": "crud"}, {"name": "subSuite", "value": "Test_Create_Booking"}, {"name": "host", "value": "DESKTOP-G09L45A"}, {"name": "thread", "value": "16024-MainThread"}, {"name": "framework", "value": "pytest"}, {"name": "language", "value": "cpython3"}, {"name": "package", "value": "tests.crud.crud"}]}